set -o pipefail; /usr/bin/mariadb-dump --user=_f3700b16f630c005 --host=127.0.0.1 --port=3306 --password=********** --single-transaction --quick --lock-tables=false _f3700b16f630c005 | /usr/bin/gzip >> ./abrar.localhost/private/backups/20240905_180002-abrar_localhost-database.sql.gz

Backup Summary for abrar.localhost at 2024-09-05 18:00:02.904319
Config  : /home/barcha/frappe-bench1/sites/abrar.localhost/private/backups/20240905_180002-abrar_localhost-site_config_backup.json 149.0B
Database: /home/barcha/frappe-bench1/sites/abrar.localhost/private/backups/20240905_180002-abrar_localhost-database.sql.gz 217.6KiB
Backup for Site abrar.localhost has been successfully completed
set -o pipefail; /usr/bin/mariadb-dump --user=_5d1573e8a7a03600 --host=127.0.0.1 --port=3306 --password=********** --single-transaction --quick --lock-tables=false _5d1573e8a7a03600 | /usr/bin/gzip >> ./action.localhost/private/backups/20240905_180003-action_localhost-database.sql.gz

Backup Summary for action.localhost at 2024-09-05 18:00:03.464143
Config  : /home/barcha/frappe-bench1/sites/action.localhost/private/backups/20240905_180003-action_localhost-site_config_backup.json 168.0B
Database: /home/barcha/frappe-bench1/sites/action.localhost/private/backups/20240905_180003-action_localhost-database.sql.gz 225.0KiB
Backup for Site action.localhost has been successfully completed
set -o pipefail; /usr/bin/mariadb-dump --user=_f3700b16f630c005 --host=127.0.0.1 --port=3306 --password=********** --single-transaction --quick --lock-tables=false _f3700b16f630c005 | /usr/bin/gzip >> ./abrar.localhost/private/backups/20240906_000002-abrar_localhost-database.sql.gz

Backup Summary for abrar.localhost at 2024-09-06 00:00:03.198884
Config  : /home/barcha/frappe-bench1/sites/abrar.localhost/private/backups/20240906_000002-abrar_localhost-site_config_backup.json 149.0B
Database: /home/barcha/frappe-bench1/sites/abrar.localhost/private/backups/20240906_000002-abrar_localhost-database.sql.gz 218.0KiB
Backup for Site abrar.localhost has been successfully completed
File ./action.localhost/private/backups/20240905_180003-action_localhost-site_config_backup.json is recent
File ./action.localhost/private/backups/20240905_180003-action_localhost-database.sql.gz is recent
set -o pipefail; /usr/bin/mariadb-dump --user=_5d1573e8a7a03600 --host=127.0.0.1 --port=3306 --password=********** --single-transaction --quick --lock-tables=false _5d1573e8a7a03600 | /usr/bin/gzip >> ./action.localhost/private/backups/20240906_000003-action_localhost-database.sql.gz

Backup Summary for action.localhost at 2024-09-06 00:00:03.927450
Config  : /home/barcha/frappe-bench1/sites/action.localhost/private/backups/20240906_000003-action_localhost-site_config_backup.json 168.0B
Database: /home/barcha/frappe-bench1/sites/action.localhost/private/backups/20240906_000003-action_localhost-database.sql.gz 226.1KiB
Backup for Site action.localhost has been successfully completed
